<?xml version="1.0" encoding="UTF-8"?>
<testng-results ignored="0" total="2" passed="2" failed="0" skipped="0">
  <reporter-output>
  </reporter-output>
  <suite started-at="2019-08-26T05:48:45Z" name="Default suite" finished-at="2019-08-26T05:49:08Z" duration-ms="22883">
    <groups>
    </groups>
    <test started-at="2019-08-26T05:48:45Z" name="Default test" finished-at="2019-08-26T05:49:08Z" duration-ms="22883">
      <class name="com.training.sanity.tests.UnsubscribeUserTest">
        <test-method is-config="true" signature="setUp()[pri:0, instance:com.training.sanity.tests.UnsubscribeUserTest@78047b92]" started-at="2019-08-26T05:48:45Z" name="setUp" finished-at="2019-08-26T05:48:53Z" duration-ms="7083" status="PASS">
          <reporter-output>
          </reporter-output>
        </test-method> <!-- setUp -->
        <test-method signature="validLoginTest()[pri:1, instance:com.training.sanity.tests.UnsubscribeUserTest@78047b92]" started-at="2019-08-26T05:48:53Z" name="validLoginTest" finished-at="2019-08-26T05:48:55Z" duration-ms="2180" status="PASS">
          <reporter-output>
          </reporter-output>
        </test-method> <!-- validLoginTest -->
        <test-method signature="EnterCourseDesc()[pri:2, instance:com.training.sanity.tests.UnsubscribeUserTest@78047b92]" started-at="2019-08-26T05:48:55Z" name="EnterCourseDesc" finished-at="2019-08-26T05:49:07Z" duration-ms="12571" status="PASS">
          <reporter-output>
          </reporter-output>
        </test-method> <!-- EnterCourseDesc -->
        <test-method is-config="true" signature="tearDown()[pri:0, instance:com.training.sanity.tests.UnsubscribeUserTest@78047b92]" started-at="2019-08-26T05:49:07Z" name="tearDown" finished-at="2019-08-26T05:49:08Z" duration-ms="1000" status="PASS">
          <reporter-output>
          </reporter-output>
        </test-method> <!-- tearDown -->
      </class> <!-- com.training.sanity.tests.UnsubscribeUserTest -->
    </test> <!-- Default test -->
  </suite> <!-- Default suite -->
</testng-results>
