<?xml version="1.0" encoding="UTF-8"?>
<testng-results ignored="0" total="2" passed="2" failed="0" skipped="0">
  <reporter-output>
  </reporter-output>
  <suite started-at="2019-09-15T08:09:09Z" name="Default suite" finished-at="2019-09-15T08:10:22Z" duration-ms="73205">
    <groups>
    </groups>
    <test started-at="2019-09-15T08:09:09Z" name="Default test" finished-at="2019-09-15T08:10:22Z" duration-ms="73205">
      <class name="com.training.sanity.tests.AddUserDBTest">
        <test-method is-config="true" signature="setUp()[pri:0, instance:com.training.sanity.tests.AddUserDBTest@8909f18]" started-at="2019-09-15T08:09:09Z" name="setUp" finished-at="2019-09-15T08:09:23Z" duration-ms="13953" status="PASS">
          <reporter-output>
          </reporter-output>
        </test-method> <!-- setUp -->
        <test-method signature="validLoginTest()[pri:1, instance:com.training.sanity.tests.AddUserDBTest@8909f18]" started-at="2019-09-15T08:09:23Z" name="validLoginTest" finished-at="2019-09-15T08:09:30Z" duration-ms="6829" status="PASS">
          <reporter-output>
          </reporter-output>
        </test-method> <!-- validLoginTest -->
        <test-method signature="addUserDB(java.lang.String, java.lang.String, java.lang.String, java.lang.String, java.lang.String, java.lang.String, java.lang.String)[pri:2, instance:com.training.sanity.tests.AddUserDBTest@8909f18]" started-at="2019-09-15T08:09:30Z" name="addUserDB" data-provider="db-inputs1" finished-at="2019-09-15T08:10:12Z" duration-ms="41671" status="PASS">
          <params>
            <param index="0">
              <value>
                <![CDATA[valid]]>
              </value>
            </param>
            <param index="1">
              <value>
                <![CDATA[user]]>
              </value>
            </param>
            <param index="2">
              <value>
                <![CDATA[valid.user@gmail.com]]>
              </value>
            </param>
            <param index="3">
              <value>
                <![CDATA[900900900]]>
              </value>
            </param>
            <param index="4">
              <value>
                <![CDATA[validuser]]>
              </value>
            </param>
            <param index="5">
              <value>
                <![CDATA[password]]>
              </value>
            </param>
            <param index="6">
              <value>
                <![CDATA[Trainer]]>
              </value>
            </param>
          </params>
          <reporter-output>
          </reporter-output>
        </test-method> <!-- addUserDB -->
        <test-method is-config="true" signature="tearDown()[pri:0, instance:com.training.sanity.tests.AddUserDBTest@8909f18]" started-at="2019-09-15T08:10:12Z" name="tearDown" finished-at="2019-09-15T08:10:22Z" duration-ms="10180" status="PASS">
          <reporter-output>
          </reporter-output>
        </test-method> <!-- tearDown -->
      </class> <!-- com.training.sanity.tests.AddUserDBTest -->
    </test> <!-- Default test -->
  </suite> <!-- Default suite -->
</testng-results>
