<?xml version="1.0" encoding="UTF-8"?>
<!-- Generated by org.testng.reporters.JUnitXMLReporter -->
<testsuite ignored="0" hostname="DESKTOP-2319ALN" failures="0" tests="2" name="Default test" time="22.883" errors="0" timestamp="26 Aug 2019 05:49:08 GMT">
  <testcase classname="com.training.sanity.tests.LoginTests" name="validLoginTest" time="2.18"/>
  <testcase classname="com.training.sanity.tests.UnsubscribeUserTest" name="EnterCourseDesc" time="12.571"/>
</testsuite> <!-- Default test -->
